{"/Users/ralowe/git/reactUiTesting/src/App.js": {"path":"/Users/ralowe/git/reactUiTesting/src/App.js","statementMap":{"0":{"start":{"line":13,"column":12},"end":{"line":44,"column":1}},"1":{"start":{"line":14,"column":28},"end":{"line":14,"column":49}},"2":{"start":{"line":15,"column":26},"end":{"line":15,"column":41}},"3":{"start":{"line":17,"column":21},"end":{"line":19,"column":3}},"4":{"start":{"line":18,"column":4},"end":{"line":18,"column":31}},"5":{"start":{"line":21,"column":21},"end":{"line":23,"column":3}},"6":{"start":{"line":22,"column":4},"end":{"line":22,"column":20}},"7":{"start":{"line":25,"column":2},"end":{"line":43,"column":4}}},"fnMap":{"0":{"name":"(anonymous_0)","decl":{"start":{"line":13,"column":12},"end":{"line":13,"column":13}},"loc":{"start":{"line":13,"column":18},"end":{"line":44,"column":1}},"line":13},"1":{"name":"(anonymous_1)","decl":{"start":{"line":17,"column":21},"end":{"line":17,"column":22}},"loc":{"start":{"line":17,"column":27},"end":{"line":19,"column":3}},"line":17},"2":{"name":"(anonymous_2)","decl":{"start":{"line":21,"column":21},"end":{"line":21,"column":22}},"loc":{"start":{"line":21,"column":27},"end":{"line":23,"column":3}},"line":21}},"branchMap":{},"s":{"0":3,"1":4,"2":4,"3":4,"4":1,"5":4,"6":1,"7":4},"f":{"0":4,"1":1,"2":1},"b":{},"_coverageSchema":"43e27e138ebf9cfc5966b082cf9a028302ed4184","hash":"2f08891b3831ae65e2b147adb32a18fbb72ad43d"}
,"/Users/ralowe/git/reactUiTesting/src/index.js": {"path":"/Users/ralowe/git/reactUiTesting/src/index.js","statementMap":{"0":{"start":{"line":7,"column":0},"end":{"line":7,"column":58}}},"fnMap":{},"branchMap":{},"s":{"0":0},"f":{},"b":{},"hash":"ea9c718a619aa115c728b22e145b5750e859d065"}
,"/Users/ralowe/git/reactUiTesting/src/components/Counter/counter.js": {"path":"/Users/ralowe/git/reactUiTesting/src/components/Counter/counter.js","statementMap":{"0":{"start":{"line":6,"column":4},"end":{"line":6,"column":16}},"1":{"start":{"line":8,"column":4},"end":{"line":10,"column":5}},"2":{"start":{"line":13,"column":14},"end":{"line":15,"column":3}},"3":{"start":{"line":14,"column":4},"end":{"line":14,"column":48}},"4":{"start":{"line":23,"column":4},"end":{"line":29,"column":3}}},"fnMap":{"0":{"name":"(anonymous_0)","decl":{"start":{"line":5,"column":2},"end":{"line":5,"column":3}},"loc":{"start":{"line":5,"column":21},"end":{"line":11,"column":3}},"line":5},"1":{"name":"(anonymous_1)","decl":{"start":{"line":13,"column":14},"end":{"line":13,"column":15}},"loc":{"start":{"line":13,"column":20},"end":{"line":15,"column":3}},"line":13},"2":{"name":"(anonymous_2)","decl":{"start":{"line":22,"column":2},"end":{"line":22,"column":3}},"loc":{"start":{"line":22,"column":11},"end":{"line":29,"column":4}},"line":22}},"branchMap":{},"s":{"0":3,"1":3,"2":3,"3":1,"4":6},"f":{"0":3,"1":1,"2":6},"b":{},"_coverageSchema":"43e27e138ebf9cfc5966b082cf9a028302ed4184","hash":"d83e8a90cbd5194549367a64efc5e3a885c39690"}
,"/Users/ralowe/git/reactUiTesting/src/components/basic test/basic_test.js": {"path":"/Users/ralowe/git/reactUiTesting/src/components/basic test/basic_test.js","statementMap":{"0":{"start":{"line":5,"column":14},"end":{"line":12,"column":1}},"1":{"start":{"line":6,"column":2},"end":{"line":11,"column":4}}},"fnMap":{"0":{"name":"(anonymous_0)","decl":{"start":{"line":5,"column":14},"end":{"line":5,"column":15}},"loc":{"start":{"line":5,"column":20},"end":{"line":12,"column":1}},"line":5}},"branchMap":{},"s":{"0":4,"1":6},"f":{"0":6},"b":{},"_coverageSchema":"43e27e138ebf9cfc5966b082cf9a028302ed4184","hash":"29844c02ecc7bfbbf8a2402eb89a357a2a412dfd"}
,"/Users/ralowe/git/reactUiTesting/src/components/react-testing-lib/test_axios.js": {"path":"/Users/ralowe/git/reactUiTesting/src/components/react-testing-lib/test_axios.js","statementMap":{"0":{"start":{"line":5,"column":18},"end":{"line":22,"column":1}},"1":{"start":{"line":6,"column":28},"end":{"line":6,"column":38}},"2":{"start":{"line":8,"column":2},"end":{"line":11,"column":8}},"3":{"start":{"line":9,"column":4},"end":{"line":10,"column":38}},"4":{"start":{"line":10,"column":19},"end":{"line":10,"column":37}},"5":{"start":{"line":14,"column":2},"end":{"line":21,"column":3}}},"fnMap":{"0":{"name":"(anonymous_0)","decl":{"start":{"line":5,"column":18},"end":{"line":5,"column":19}},"loc":{"start":{"line":5,"column":29},"end":{"line":22,"column":1}},"line":5},"1":{"name":"(anonymous_1)","decl":{"start":{"line":8,"column":12},"end":{"line":8,"column":13}},"loc":{"start":{"line":8,"column":18},"end":{"line":11,"column":3}},"line":8},"2":{"name":"(anonymous_2)","decl":{"start":{"line":10,"column":12},"end":{"line":10,"column":13}},"loc":{"start":{"line":10,"column":19},"end":{"line":10,"column":37}},"line":10}},"branchMap":{"0":{"loc":{"start":{"line":17,"column":9},"end":{"line":19,"column":29}},"type":"cond-expr","locations":[{"start":{"line":18,"column":12},"end":{"line":18,"column":52}},{"start":{"line":19,"column":12},"end":{"line":19,"column":29}}],"line":17}},"s":{"0":4,"1":8,"2":8,"3":3,"4":3,"5":8},"f":{"0":8,"1":3,"2":3},"b":{"0":[3,5]},"_coverageSchema":"43e27e138ebf9cfc5966b082cf9a028302ed4184","hash":"cde71ec7408d427b9ebbd467c2202a617d4608fe"}
,"/Users/ralowe/git/reactUiTesting/src/components/react-testing-lib/test_hook.js": {"path":"/Users/ralowe/git/reactUiTesting/src/components/react-testing-lib/test_hook.js","statementMap":{"0":{"start":{"line":4,"column":17},"end":{"line":27,"column":1}},"1":{"start":{"line":5,"column":28},"end":{"line":5,"column":53}},"2":{"start":{"line":7,"column":22},"end":{"line":9,"column":3}},"3":{"start":{"line":8,"column":4},"end":{"line":8,"column":37}},"4":{"start":{"line":11,"column":28},"end":{"line":13,"column":3}},"5":{"start":{"line":12,"column":4},"end":{"line":12,"column":22}},"6":{"start":{"line":15,"column":2},"end":{"line":26,"column":3}}},"fnMap":{"0":{"name":"(anonymous_0)","decl":{"start":{"line":4,"column":17},"end":{"line":4,"column":18}},"loc":{"start":{"line":4,"column":28},"end":{"line":27,"column":1}},"line":4},"1":{"name":"(anonymous_1)","decl":{"start":{"line":7,"column":22},"end":{"line":7,"column":23}},"loc":{"start":{"line":7,"column":28},"end":{"line":9,"column":3}},"line":7},"2":{"name":"(anonymous_2)","decl":{"start":{"line":11,"column":28},"end":{"line":11,"column":29}},"loc":{"start":{"line":11,"column":34},"end":{"line":13,"column":3}},"line":11}},"branchMap":{},"s":{"0":3,"1":8,"2":8,"3":2,"4":8,"5":1,"6":8},"f":{"0":8,"1":2,"2":1},"b":{},"_coverageSchema":"43e27e138ebf9cfc5966b082cf9a028302ed4184","hash":"5b53b758c5b5eb9c2e1e7b11644796b9f0273436"}
,"/Users/ralowe/git/reactUiTesting/src/components/react-testing-lib/test_hook_context.js": {"path":"/Users/ralowe/git/reactUiTesting/src/components/react-testing-lib/test_hook_context.js","statementMap":{"0":{"start":{"line":5,"column":24},"end":{"line":16,"column":1}},"1":{"start":{"line":6,"column":18},"end":{"line":6,"column":37}},"2":{"start":{"line":8,"column":2},"end":{"line":15,"column":3}}},"fnMap":{"0":{"name":"(anonymous_0)","decl":{"start":{"line":5,"column":24},"end":{"line":5,"column":25}},"loc":{"start":{"line":5,"column":30},"end":{"line":16,"column":1}},"line":5}},"branchMap":{},"s":{"0":3,"1":4,"2":4},"f":{"0":4},"b":{},"_coverageSchema":"43e27e138ebf9cfc5966b082cf9a028302ed4184","hash":"4029de098f666f5feb642e01ca4f67b793875fe2"}
,"/Users/ralowe/git/reactUiTesting/src/components/react-testing-lib/test_hook_form.js": {"path":"/Users/ralowe/git/reactUiTesting/src/components/react-testing-lib/test_hook_form.js","statementMap":{"0":{"start":{"line":3,"column":19},"end":{"line":30,"column":1}},"1":{"start":{"line":4,"column":40},"end":{"line":4,"column":52}},"2":{"start":{"line":5,"column":40},"end":{"line":5,"column":52}},"3":{"start":{"line":7,"column":23},"end":{"line":9,"column":3}},"4":{"start":{"line":8,"column":4},"end":{"line":8,"column":38}},"5":{"start":{"line":11,"column":23},"end":{"line":14,"column":3}},"6":{"start":{"line":12,"column":4},"end":{"line":12,"column":27}},"7":{"start":{"line":13,"column":4},"end":{"line":13,"column":44}},"8":{"start":{"line":16,"column":4},"end":{"line":29,"column":5}}},"fnMap":{"0":{"name":"(anonymous_0)","decl":{"start":{"line":3,"column":19},"end":{"line":3,"column":20}},"loc":{"start":{"line":3,"column":25},"end":{"line":30,"column":1}},"line":3},"1":{"name":"(anonymous_1)","decl":{"start":{"line":7,"column":23},"end":{"line":7,"column":24}},"loc":{"start":{"line":8,"column":4},"end":{"line":8,"column":38}},"line":8},"2":{"name":"(anonymous_2)","decl":{"start":{"line":11,"column":23},"end":{"line":11,"column":24}},"loc":{"start":{"line":11,"column":34},"end":{"line":14,"column":3}},"line":11}},"branchMap":{},"s":{"0":4,"1":8,"2":8,"3":8,"4":1,"5":8,"6":1,"7":1,"8":8},"f":{"0":8,"1":1,"2":1},"b":{},"_coverageSchema":"43e27e138ebf9cfc5966b082cf9a028302ed4184","hash":"5b300c96e4806a80a6c79e2b6f1ca636a94ff958"}
,"/Users/ralowe/git/reactUiTesting/src/components/react-testing-lib/test_hook_reducer.js": {"path":"/Users/ralowe/git/reactUiTesting/src/components/react-testing-lib/test_hook_reducer.js","statementMap":{"0":{"start":{"line":6,"column":24},"end":{"line":30,"column":1}},"1":{"start":{"line":7,"column":35},"end":{"line":7,"column":85}},"2":{"start":{"line":9,"column":32},"end":{"line":11,"column":3}},"3":{"start":{"line":10,"column":4},"end":{"line":10,"column":29}},"4":{"start":{"line":13,"column":32},"end":{"line":15,"column":3}},"5":{"start":{"line":14,"column":4},"end":{"line":14,"column":29}},"6":{"start":{"line":18,"column":2},"end":{"line":29,"column":3}}},"fnMap":{"0":{"name":"(anonymous_0)","decl":{"start":{"line":6,"column":24},"end":{"line":6,"column":25}},"loc":{"start":{"line":6,"column":30},"end":{"line":30,"column":1}},"line":6},"1":{"name":"(anonymous_1)","decl":{"start":{"line":9,"column":32},"end":{"line":9,"column":33}},"loc":{"start":{"line":9,"column":38},"end":{"line":11,"column":3}},"line":9},"2":{"name":"(anonymous_2)","decl":{"start":{"line":13,"column":32},"end":{"line":13,"column":33}},"loc":{"start":{"line":13,"column":38},"end":{"line":15,"column":3}},"line":13}},"branchMap":{"0":{"loc":{"start":{"line":21,"column":9},"end":{"line":23,"column":39}},"type":"cond-expr","locations":[{"start":{"line":22,"column":13},"end":{"line":22,"column":38}},{"start":{"line":23,"column":13},"end":{"line":23,"column":39}}],"line":21}},"s":{"0":4,"1":6,"2":6,"3":1,"4":6,"5":0,"6":6},"f":{"0":6,"1":1,"2":0},"b":{"0":[1,5]},"_coverageSchema":"43e27e138ebf9cfc5966b082cf9a028302ed4184","hash":"b55866ac2852604173f9196fd5a6372b7c8b2409"}
,"/Users/ralowe/git/reactUiTesting/src/components/store/actions.js": {"path":"/Users/ralowe/git/reactUiTesting/src/components/store/actions.js","statementMap":{"0":{"start":{"line":4,"column":23},"end":{"line":6,"column":1}},"1":{"start":{"line":8,"column":23},"end":{"line":10,"column":1}},"2":{"start":{"line":12,"column":31},"end":{"line":17,"column":1}},"3":{"start":{"line":13,"column":2},"end":{"line":16,"column":2}},"4":{"start":{"line":19,"column":31},"end":{"line":23,"column":1}},"5":{"start":{"line":20,"column":2},"end":{"line":22,"column":3}}},"fnMap":{"0":{"name":"(anonymous_0)","decl":{"start":{"line":12,"column":31},"end":{"line":12,"column":32}},"loc":{"start":{"line":12,"column":41},"end":{"line":17,"column":1}},"line":12},"1":{"name":"(anonymous_1)","decl":{"start":{"line":19,"column":31},"end":{"line":19,"column":32}},"loc":{"start":{"line":19,"column":37},"end":{"line":23,"column":1}},"line":19}},"branchMap":{},"s":{"0":4,"1":4,"2":4,"3":0,"4":4,"5":0},"f":{"0":0,"1":0},"b":{},"_coverageSchema":"43e27e138ebf9cfc5966b082cf9a028302ed4184","hash":"a2b98efe187aba2676a6b3de100b1a3c08086fd3"}
,"/Users/ralowe/git/reactUiTesting/src/components/store/context.js": {"path":"/Users/ralowe/git/reactUiTesting/src/components/store/context.js","statementMap":{"0":{"start":{"line":3,"column":16},"end":{"line":3,"column":37}}},"fnMap":{},"branchMap":{},"s":{"0":3},"f":{},"b":{},"_coverageSchema":"43e27e138ebf9cfc5966b082cf9a028302ed4184","hash":"612501332a747691bae06593c551dce9f42674f6"}
,"/Users/ralowe/git/reactUiTesting/src/components/store/reducer.js": {"path":"/Users/ralowe/git/reactUiTesting/src/components/store/reducer.js","statementMap":{"0":{"start":{"line":3,"column":28},"end":{"line":5,"column":1}},"1":{"start":{"line":7,"column":24},"end":{"line":22,"column":1}},"2":{"start":{"line":8,"column":2},"end":{"line":21,"column":3}},"3":{"start":{"line":10,"column":6},"end":{"line":13,"column":7}},"4":{"start":{"line":15,"column":6},"end":{"line":18,"column":7}},"5":{"start":{"line":20,"column":6},"end":{"line":20,"column":24}}},"fnMap":{"0":{"name":"(anonymous_0)","decl":{"start":{"line":7,"column":24},"end":{"line":7,"column":25}},"loc":{"start":{"line":7,"column":58},"end":{"line":22,"column":1}},"line":7}},"branchMap":{"0":{"loc":{"start":{"line":7,"column":25},"end":{"line":7,"column":45}},"type":"default-arg","locations":[{"start":{"line":7,"column":33},"end":{"line":7,"column":45}}],"line":7},"1":{"loc":{"start":{"line":8,"column":2},"end":{"line":21,"column":3}},"type":"switch","locations":[{"start":{"line":9,"column":4},"end":{"line":13,"column":7}},{"start":{"line":14,"column":4},"end":{"line":18,"column":7}},{"start":{"line":19,"column":4},"end":{"line":20,"column":24}}],"line":8}},"s":{"0":4,"1":4,"2":2,"3":2,"4":0,"5":0},"f":{"0":2},"b":{"0":[0],"1":[2,0,0]},"_coverageSchema":"43e27e138ebf9cfc5966b082cf9a028302ed4184","hash":"d48c3d3c3ca169e7e5f60986cf8bc559dcc36488"}
}
