{"/Users/ralowe/git/reactUiTesting/src/App.js": {"path":"/Users/ralowe/git/reactUiTesting/src/App.js","statementMap":{"0":{"start":{"line":13,"column":12},"end":{"line":44,"column":1}},"1":{"start":{"line":14,"column":28},"end":{"line":14,"column":49}},"2":{"start":{"line":15,"column":26},"end":{"line":15,"column":41}},"3":{"start":{"line":17,"column":21},"end":{"line":19,"column":3}},"4":{"start":{"line":18,"column":4},"end":{"line":18,"column":31}},"5":{"start":{"line":21,"column":21},"end":{"line":23,"column":3}},"6":{"start":{"line":22,"column":4},"end":{"line":22,"column":20}},"7":{"start":{"line":25,"column":2},"end":{"line":43,"column":4}}},"fnMap":{"0":{"name":"(anonymous_0)","decl":{"start":{"line":13,"column":12},"end":{"line":13,"column":13}},"loc":{"start":{"line":13,"column":18},"end":{"line":44,"column":1}},"line":13},"1":{"name":"(anonymous_1)","decl":{"start":{"line":17,"column":21},"end":{"line":17,"column":22}},"loc":{"start":{"line":17,"column":27},"end":{"line":19,"column":3}},"line":17},"2":{"name":"(anonymous_2)","decl":{"start":{"line":21,"column":21},"end":{"line":21,"column":22}},"loc":{"start":{"line":21,"column":27},"end":{"line":23,"column":3}},"line":21}},"branchMap":{},"s":{"0":3,"1":6,"2":6,"3":6,"4":1,"5":6,"6":2,"7":6},"f":{"0":6,"1":1,"2":2},"b":{},"_coverageSchema":"43e27e138ebf9cfc5966b082cf9a028302ed4184","hash":"2f08891b3831ae65e2b147adb32a18fbb72ad43d"}
,"/Users/ralowe/git/reactUiTesting/src/index.js": {"path":"/Users/ralowe/git/reactUiTesting/src/index.js","statementMap":{"0":{"start":{"line":10,"column":0},"end":{"line":10,"column":58}}},"fnMap":{},"branchMap":{},"s":{"0":0},"f":{},"b":{},"hash":"a4a01a5b1a8b1cbc64eb9c086b000eef351e2ecc"}
,"/Users/ralowe/git/reactUiTesting/src/components/basic test/basic_test.js": {"path":"/Users/ralowe/git/reactUiTesting/src/components/basic test/basic_test.js","statementMap":{"0":{"start":{"line":4,"column":0},"end":{"line":4,"column":23}},"1":{"start":{"line":5,"column":0},"end":{"line":5,"column":33}},"2":{"start":{"line":6,"column":0},"end":{"line":6,"column":58}},"3":{"start":{"line":8,"column":14},"end":{"line":15,"column":1}},"4":{"start":{"line":9,"column":2},"end":{"line":14,"column":4}}},"fnMap":{"0":{"name":"(anonymous_0)","decl":{"start":{"line":8,"column":14},"end":{"line":8,"column":15}},"loc":{"start":{"line":8,"column":20},"end":{"line":15,"column":1}},"line":8}},"branchMap":{},"s":{"0":4,"1":4,"2":4,"3":4,"4":8},"f":{"0":8},"b":{},"_coverageSchema":"43e27e138ebf9cfc5966b082cf9a028302ed4184","hash":"ede5d71d26f0236e62866ee753ec8f44cd4feb42"}
,"/Users/ralowe/git/reactUiTesting/src/components/react-testing-lib/test_hook.js": {"path":"/Users/ralowe/git/reactUiTesting/src/components/react-testing-lib/test_hook.js","statementMap":{"0":{"start":{"line":4,"column":17},"end":{"line":27,"column":1}},"1":{"start":{"line":5,"column":28},"end":{"line":5,"column":53}},"2":{"start":{"line":7,"column":22},"end":{"line":9,"column":3}},"3":{"start":{"line":8,"column":4},"end":{"line":8,"column":37}},"4":{"start":{"line":11,"column":28},"end":{"line":13,"column":3}},"5":{"start":{"line":12,"column":4},"end":{"line":12,"column":22}},"6":{"start":{"line":15,"column":2},"end":{"line":26,"column":3}}},"fnMap":{"0":{"name":"(anonymous_0)","decl":{"start":{"line":4,"column":17},"end":{"line":4,"column":18}},"loc":{"start":{"line":4,"column":28},"end":{"line":27,"column":1}},"line":4},"1":{"name":"(anonymous_1)","decl":{"start":{"line":7,"column":22},"end":{"line":7,"column":23}},"loc":{"start":{"line":7,"column":28},"end":{"line":9,"column":3}},"line":7},"2":{"name":"(anonymous_2)","decl":{"start":{"line":11,"column":28},"end":{"line":11,"column":29}},"loc":{"start":{"line":11,"column":34},"end":{"line":13,"column":3}},"line":11}},"branchMap":{},"s":{"0":3,"1":10,"2":10,"3":2,"4":10,"5":2,"6":10},"f":{"0":10,"1":2,"2":2},"b":{},"_coverageSchema":"43e27e138ebf9cfc5966b082cf9a028302ed4184","hash":"5b53b758c5b5eb9c2e1e7b11644796b9f0273436"}
}
