TN:
SF:/Users/ralowe/git/reactUiTesting/src/App.js
FN:13,(anonymous_0)
FN:17,(anonymous_1)
FN:21,(anonymous_2)
FNF:3
FNH:3
FNDA:6,(anonymous_0)
FNDA:1,(anonymous_1)
FNDA:2,(anonymous_2)
DA:13,3
DA:14,6
DA:15,6
DA:17,6
DA:18,1
DA:21,6
DA:22,2
DA:25,6
LF:8
LH:8
BRF:0
BRH:0
end_of_record
TN:
SF:/Users/ralowe/git/reactUiTesting/src/index.js
FNF:0
FNH:0
DA:10,0
LF:1
LH:0
BRF:0
BRH:0
end_of_record
TN:
SF:/Users/ralowe/git/reactUiTesting/src/components/basic test/basic_test.js
FN:8,(anonymous_0)
FNF:1
FNH:1
FNDA:8,(anonymous_0)
DA:4,4
DA:5,4
DA:6,4
DA:8,4
DA:9,8
LF:5
LH:5
BRF:0
BRH:0
end_of_record
TN:
SF:/Users/ralowe/git/reactUiTesting/src/components/react-testing-lib/test_hook.js
FN:4,(anonymous_0)
FN:7,(anonymous_1)
FN:11,(anonymous_2)
FNF:3
FNH:3
FNDA:10,(anonymous_0)
FNDA:2,(anonymous_1)
FNDA:2,(anonymous_2)
DA:4,3
DA:5,10
DA:7,10
DA:8,2
DA:11,10
DA:12,2
DA:15,10
LF:7
LH:7
BRF:0
BRH:0
end_of_record
